2021-01-18 05:51:02 Error: [Cake\Http\Exception\NotFoundException] Please replace src/Template/Pages/home.ctp with your own version or re-enable debug mode. (/var/www/html/src/Template/Pages/home.ctp:25)
#0 /var/www/html/vendor/cakephp/cakephp/src/View/View.php(1420): include()
#1 /var/www/html/vendor/cakephp/cakephp/src/View/View.php(1381): Cake\View\View->_evaluate('/var/www/html/s...', Array)
#2 /var/www/html/vendor/cakephp/cakephp/src/View/View.php(879): Cake\View\View->_render('/var/www/html/s...')
#3 /var/www/html/vendor/cakephp/cakephp/src/Controller/Controller.php(795): Cake\View\View->render('home', NULL)
#4 /var/www/html/src/Controller/PagesController.php(60): Cake\Controller\Controller->render('home')
#5 /var/www/html/vendor/cakephp/cakephp/src/Controller/Controller.php(609): App\Controller\PagesController->display('home')
#6 /var/www/html/vendor/cakephp/cakephp/src/Http/ActionDispatcher.php(120): Cake\Controller\Controller->invokeAction()
#7 /var/www/html/vendor/cakephp/cakephp/src/Http/ActionDispatcher.php(94): Cake\Http\ActionDispatcher->_invoke(Object(App\Controller\PagesController))
#8 /var/www/html/vendor/cakephp/cakephp/src/Http/BaseApplication.php(234): Cake\Http\ActionDispatcher->dispatch(Object(Cake\Http\ServerRequest), Object(Cake\Http\Response))
#9 /var/www/html/vendor/cakephp/cakephp/src/Http/Runner.php(65): Cake\Http\BaseApplication->__invoke(Object(Cake\Http\ServerRequest), Object(Cake\Http\Response), Object(Cake\Http\Runner))
#10 /var/www/html/vendor/cakephp/cakephp/src/Http/Runner.php(65): Cake\Http\Runner->__invoke(Object(Cake\Http\ServerRequest), Object(Cake\Http\Response), Object(Cake\Http\Runner))
#11 /var/www/html/vendor/cakephp/cakephp/src/Http/Middleware/CsrfProtectionMiddleware.php(120): Cake\Http\Runner->__invoke(Object(Cake\Http\ServerRequest), Object(Cake\Http\Response))
#12 /var/www/html/vendor/cakephp/cakephp/src/Http/Runner.php(65): Cake\Http\Middleware\CsrfProtectionMiddleware->__invoke(Object(Cake\Http\ServerRequest), Object(Cake\Http\Response), Object(Cake\Http\Runner))
#13 /var/www/html/vendor/cakephp/cakephp/src/Http/Runner.php(51): Cake\Http\Runner->__invoke(Object(Cake\Http\ServerRequest), Object(Cake\Http\Response))
#14 /var/www/html/vendor/cakephp/cakephp/src/Routing/Middleware/RoutingMiddleware.php(170): Cake\Http\Runner->run(Object(Cake\Http\MiddlewareQueue), Object(Cake\Http\ServerRequest), Object(Cake\Http\Response))
#15 /var/www/html/vendor/cakephp/cakephp/src/Http/Runner.php(65): Cake\Routing\Middleware\RoutingMiddleware->__invoke(Object(Cake\Http\ServerRequest), Object(Cake\Http\Response), Object(Cake\Http\Runner))
#16 /var/www/html/vendor/cakephp/cakephp/src/Routing/Middleware/AssetMiddleware.php(88): Cake\Http\Runner->__invoke(Object(Cake\Http\ServerRequest), Object(Cake\Http\Response))
#17 /var/www/html/vendor/cakephp/cakephp/src/Http/Runner.php(65): Cake\Routing\Middleware\AssetMiddleware->__invoke(Object(Cake\Http\ServerRequest), Object(Cake\Http\Response), Object(Cake\Http\Runner))
#18 /var/www/html/vendor/cakephp/cakephp/src/Error/Middleware/ErrorHandlerMiddleware.php(96): Cake\Http\Runner->__invoke(Object(Cake\Http\ServerRequest), Object(Cake\Http\Response))
#19 /var/www/html/vendor/cakephp/cakephp/src/Http/Runner.php(65): Cake\Error\Middleware\ErrorHandlerMiddleware->__invoke(Object(Cake\Http\ServerRequest), Object(Cake\Http\Response), Object(Cake\Http\Runner))
#20 /var/www/html/vendor/cakephp/cakephp/src/Http/Runner.php(51): Cake\Http\Runner->__invoke(Object(Cake\Http\ServerRequest), Object(Cake\Http\Response))
#21 /var/www/html/vendor/cakephp/cakephp/src/Http/Server.php(97): Cake\Http\Runner->run(Object(Cake\Http\MiddlewareQueue), Object(Cake\Http\ServerRequest), Object(Cake\Http\Response))
#22 /var/www/html/webroot/index.php(40): Cake\Http\Server->run()
#23 {main}
Request URL: /


2021-01-18 05:51:09 Error: [Cake\Http\Exception\NotFoundException] Please replace src/Template/Pages/home.ctp with your own version or re-enable debug mode. (/var/www/html/src/Template/Pages/home.ctp:25)
#0 /var/www/html/vendor/cakephp/cakephp/src/View/View.php(1420): include()
#1 /var/www/html/vendor/cakephp/cakephp/src/View/View.php(1381): Cake\View\View->_evaluate('/var/www/html/s...', Array)
#2 /var/www/html/vendor/cakephp/cakephp/src/View/View.php(879): Cake\View\View->_render('/var/www/html/s...')
#3 /var/www/html/vendor/cakephp/cakephp/src/Controller/Controller.php(795): Cake\View\View->render('home', NULL)
#4 /var/www/html/src/Controller/PagesController.php(60): Cake\Controller\Controller->render('home')
#5 /var/www/html/vendor/cakephp/cakephp/src/Controller/Controller.php(609): App\Controller\PagesController->display('home')
#6 /var/www/html/vendor/cakephp/cakephp/src/Http/ActionDispatcher.php(120): Cake\Controller\Controller->invokeAction()
#7 /var/www/html/vendor/cakephp/cakephp/src/Http/ActionDispatcher.php(94): Cake\Http\ActionDispatcher->_invoke(Object(App\Controller\PagesController))
#8 /var/www/html/vendor/cakephp/cakephp/src/Http/BaseApplication.php(234): Cake\Http\ActionDispatcher->dispatch(Object(Cake\Http\ServerRequest), Object(Cake\Http\Response))
#9 /var/www/html/vendor/cakephp/cakephp/src/Http/Runner.php(65): Cake\Http\BaseApplication->__invoke(Object(Cake\Http\ServerRequest), Object(Cake\Http\Response), Object(Cake\Http\Runner))
#10 /var/www/html/vendor/cakephp/cakephp/src/Http/Runner.php(65): Cake\Http\Runner->__invoke(Object(Cake\Http\ServerRequest), Object(Cake\Http\Response), Object(Cake\Http\Runner))
#11 /var/www/html/vendor/cakephp/cakephp/src/Http/Middleware/CsrfProtectionMiddleware.php(120): Cake\Http\Runner->__invoke(Object(Cake\Http\ServerRequest), Object(Cake\Http\Response))
#12 /var/www/html/vendor/cakephp/cakephp/src/Http/Runner.php(65): Cake\Http\Middleware\CsrfProtectionMiddleware->__invoke(Object(Cake\Http\ServerRequest), Object(Cake\Http\Response), Object(Cake\Http\Runner))
#13 /var/www/html/vendor/cakephp/cakephp/src/Http/Runner.php(51): Cake\Http\Runner->__invoke(Object(Cake\Http\ServerRequest), Object(Cake\Http\Response))
#14 /var/www/html/vendor/cakephp/cakephp/src/Routing/Middleware/RoutingMiddleware.php(170): Cake\Http\Runner->run(Object(Cake\Http\MiddlewareQueue), Object(Cake\Http\ServerRequest), Object(Cake\Http\Response))
#15 /var/www/html/vendor/cakephp/cakephp/src/Http/Runner.php(65): Cake\Routing\Middleware\RoutingMiddleware->__invoke(Object(Cake\Http\ServerRequest), Object(Cake\Http\Response), Object(Cake\Http\Runner))
#16 /var/www/html/vendor/cakephp/cakephp/src/Routing/Middleware/AssetMiddleware.php(88): Cake\Http\Runner->__invoke(Object(Cake\Http\ServerRequest), Object(Cake\Http\Response))
#17 /var/www/html/vendor/cakephp/cakephp/src/Http/Runner.php(65): Cake\Routing\Middleware\AssetMiddleware->__invoke(Object(Cake\Http\ServerRequest), Object(Cake\Http\Response), Object(Cake\Http\Runner))
#18 /var/www/html/vendor/cakephp/cakephp/src/Error/Middleware/ErrorHandlerMiddleware.php(96): Cake\Http\Runner->__invoke(Object(Cake\Http\ServerRequest), Object(Cake\Http\Response))
#19 /var/www/html/vendor/cakephp/cakephp/src/Http/Runner.php(65): Cake\Error\Middleware\ErrorHandlerMiddleware->__invoke(Object(Cake\Http\ServerRequest), Object(Cake\Http\Response), Object(Cake\Http\Runner))
#20 /var/www/html/vendor/cakephp/cakephp/src/Http/Runner.php(51): Cake\Http\Runner->__invoke(Object(Cake\Http\ServerRequest), Object(Cake\Http\Response))
#21 /var/www/html/vendor/cakephp/cakephp/src/Http/Server.php(97): Cake\Http\Runner->run(Object(Cake\Http\MiddlewareQueue), Object(Cake\Http\ServerRequest), Object(Cake\Http\Response))
#22 /var/www/html/webroot/index.php(40): Cake\Http\Server->run()
#23 {main}
Request URL: /


